<?xml version="1.0" encoding="UTF-8"?>
<!-- Generated by org.testng.reporters.JUnitReportReporter -->
<testsuite hostname="LAPTOP-KFVL9Q09" failures="0" tests="1" name="test.MedsolLoginTest" time="3.412" errors="0" timestamp="2024-03-16T14:56:24 IST" skipped="0">
  <testcase classname="test.MedsolLoginTest" name="test_Home_Page_Appear_Correct" time="3.412"/>
  <system-out/>
</testsuite> <!-- test.MedsolLoginTest -->
